<?xml version="1.0" encoding="UTF-8"?>
<!-- Generated by org.testng.reporters.JUnitReportReporter -->
<testsuite hostname="DESKTOP-J1ENNFL" failures="0" tests="1" name="Test_NG_Demo.testng.Annotations_Demo" time="0.060" errors="0" timestamp="2021-11-22T12:14:33 IST" skipped="0">
  <testcase classname="Test_NG_Demo.testng.Annotations_Demo" name="imTest1" time="0.060"/>
  <system-out/>
</testsuite> <!-- Test_NG_Demo.testng.Annotations_Demo -->
