<?xml version="1.0" encoding="UTF-8"?>
<!-- Generated by org.testng.reporters.JUnitReportReporter -->
<testsuite hostname="DESKTOP-J1ENNFL" failures="0" tests="4" name="Test_NG_Demo.testng.Annotation_Test" time="0.087" errors="0" timestamp="2021-11-22T13:09:09 IST" skipped="0">
  <testcase classname="Test_NG_Demo.testng.Annotation_Test" name="A1a2" time="0.030"/>
  <system-out/>
  <testcase classname="Test_NG_Demo.testng.Annotation_Test" name="AAa1" time="0.012"/>
  <system-out/>
  <testcase classname="Test_NG_Demo.testng.Annotation_Test" name="aa2" time="0.015"/>
  <system-out/>
  <testcase classname="Test_NG_Demo.testng.Annotation_Test" name="aa1" time="0.030"/>
  <system-out/>
</testsuite> <!-- Test_NG_Demo.testng.Annotation_Test -->
