<?xml version="1.0" encoding="UTF-8"?>
<!-- Generated by org.testng.reporters.JUnitReportReporter -->
<testsuite hostname="DESKTOP-J1ENNFL" failures="0" tests="3" name="Test_NG_Demo.testng.DataProviderDemo" time="0.049" errors="0" timestamp="2021-11-22T14:05:06 IST" skipped="0">
  <testcase classname="Test_NG_Demo.testng.DataProviderDemo" name="loginToBrowser" time="0.030"/>
  <system-out/>
  <testcase classname="Test_NG_Demo.testng.DataProviderDemo" name="loginToBrowser" time="0.009"/>
  <system-out/>
  <testcase classname="Test_NG_Demo.testng.DataProviderDemo" name="loginToBrowser" time="0.010"/>
  <system-out/>
</testsuite> <!-- Test_NG_Demo.testng.DataProviderDemo -->
