<?xml version="1.0" encoding="UTF-8"?>
<!-- Generated by org.testng.reporters.JUnitReportReporter -->
<testsuite hostname="DESKTOP-J1ENNFL" failures="0" tests="4" name="Test_NG_Demo.testng.PriorityDemo$Annotation_Test" time="0.099" errors="0" timestamp="2021-11-22T13:30:16 IST" skipped="0">
  <testcase classname="Test_NG_Demo.testng.PriorityDemo$Annotation_Test" name="m3" time="0.065"/>
  <system-out/>
  <testcase classname="Test_NG_Demo.testng.PriorityDemo$Annotation_Test" name="m4" time="0.013"/>
  <system-out/>
  <testcase classname="Test_NG_Demo.testng.PriorityDemo$Annotation_Test" name="m1" time="0.015"/>
  <system-out/>
  <testcase classname="Test_NG_Demo.testng.PriorityDemo$Annotation_Test" name="m2" time="0.006"/>
  <system-out/>
</testsuite> <!-- Test_NG_Demo.testng.PriorityDemo$Annotation_Test -->
